<?xml version="1.0" encoding="UTF-8"?>
<testng-results ignored="0" total="0" passed="0" failed="0" skipped="0">
  <reporter-output>
  </reporter-output>
  <suite started-at="2025-02-22T13:47:53 IST" name="Suite" finished-at="2025-02-22T13:47:53 IST" duration-ms="0">
    <groups>
      <group name="ErrorHandling">
        <method signature="ErrorValidationsTest.LoginErrorValidation()[pri:0, instance:rahulshettyacademy.tests.ErrorValidationsTest@32f232a5]" name="LoginErrorValidation" class="rahulshettyacademy.tests.ErrorValidationsTest"/>
      </group> <!-- ErrorHandling -->
      <group name="Purchase">
        <method signature="SubmitOrderTest2.submitOrder(java.util.HashMap)[pri:0, instance:rahulshettyacademy.tests.SubmitOrderTest2@4c51cf28]" name="submitOrder" class="rahulshettyacademy.tests.SubmitOrderTest2"/>
      </group> <!-- Purchase -->
    </groups>
  </suite> <!-- Suite -->
</testng-results>
